<?xml version="1.0" encoding="UTF-8"?>
<!-- Generated by org.testng.reporters.JUnitReportReporter -->
<testsuite hostname="LAPTOP-KUG8FPO2" failures="0" tests="6" name="Runner.runner$Runn" time="0.285" errors="0" timestamp="2022-11-04T21:00:18 IST" skipped="0">
  <testcase classname="Runner.runner$Runn" name="runScenario" time="0.028"/>
  <system-out/>
  <testcase classname="Runner.runner$Runn" name="runScenario" time="0.012"/>
  <system-out/>
  <testcase classname="Runner.runner$Runn" name="runScenario" time="0.024"/>
  <system-out/>
  <testcase classname="Runner.runner$Runn" name="runScenario" time="0.172"/>
  <system-out/>
  <testcase classname="Runner.runner$Runn" name="runScenario" time="0.035"/>
  <system-out/>
  <testcase classname="Runner.runner$Runn" name="runScenario" time="0.014"/>
  <system-out/>
</testsuite> <!-- Runner.runner$Runn -->
